01, 19, 2016 (18:36:53): Starting Pre-Save actions

01, 19, 2016 (18:36:53): Starting Dialogs Check/Save
01, 19, 2016 (18:36:53): Finished Dialogs Check/Save
01, 19, 2016 (18:36:53): Starting Controlled Files Resolution
01, 19, 2016 (18:36:53): Finished Controlled Files Resolution
01, 19, 2016 (18:36:53): Finished Pre-Save actions

01, 19, 2016 (18:36:53): Creating H:\git\RiceAlgorithm\Rhapsody\Rice.rpy
01, 19, 2016 (18:36:53): 
Started writing H:\git\RiceAlgorithm\Rhapsody\Rice.rpy on Tuesday, January 19, 2016 (18:36:53)

01, 19, 2016 (18:36:53): version 8.5.2
01, 19, 2016 (18:36:54): 
Started writing H:\git\RiceAlgorithm\Rhapsody\Rice_rpy\filesTable.dat on Tuesday, January 19, 2016 (18:36:54)

01, 19, 2016 (18:36:54): Finished writing H:\git\RiceAlgorithm\Rhapsody\Rice_rpy\filesTable.dat on Tuesday, January 19, 2016 (18:36:54)

01, 19, 2016 (18:36:54): Creating H:\git\RiceAlgorithm\Rhapsody\Rice_rpy\Default.sbs
01, 19, 2016 (18:36:54): 
Started writing H:\git\RiceAlgorithm\Rhapsody\Rice_rpy\Default.sbs on Tuesday, January 19, 2016 (18:36:54)

01, 19, 2016 (18:36:54): version 8.5.2
01, 19, 2016 (18:36:54): Finished writing H:\git\RiceAlgorithm\Rhapsody\Rice_rpy\Default.sbs on Tuesday, January 19, 2016 (18:36:54)

01, 19, 2016 (18:36:54): Creating H:\git\RiceAlgorithm\Rhapsody\Rice_rpy\DefaultComponent.cmp
01, 19, 2016 (18:36:54): 
Started writing H:\git\RiceAlgorithm\Rhapsody\Rice_rpy\DefaultComponent.cmp on Tuesday, January 19, 2016 (18:36:54)

01, 19, 2016 (18:36:54): version 8.5.2
01, 19, 2016 (18:36:54): Finished writing H:\git\RiceAlgorithm\Rhapsody\Rice_rpy\DefaultComponent.cmp on Tuesday, January 19, 2016 (18:36:54)

01, 19, 2016 (18:36:54): Finished writing H:\git\RiceAlgorithm\Rhapsody\Rice.rpy on Tuesday, January 19, 2016 (18:36:54)

01, 19, 2016 (18:36:54): End Log
